<?xml version="1.0" encoding="UTF-8"?>
<!-- Generated by org.testng.reporters.JUnitXMLReporter -->
<testsuite hostname="Bansal" ignored="0" name="Default test" tests="5" failures="0" timestamp="11 Jan 2020 10:45:14 GMT" time="33.495" errors="0">
  <testcase name="TestCase1" time="0.487" classname="test.AutomationFormTest"/>
  <testcase name="TestCase2" time="5.553" classname="test.AutomationFormTest"/>
  <testcase name="TestCase3" time="2.528" classname="test.AutomationFormTest"/>
  <testcase name="TestCase4" time="5.603" classname="test.AutomationFormTest"/>
  <testcase name="TestCase5" time="0.297" classname="test.AutomationFormTest"/>
</testsuite> <!-- Default test -->
