<?xml version="1.0" encoding="UTF-8"?>
<!-- Generated by org.testng.reporters.JUnitXMLReporter -->
<testsuite hostname="Bansal" ignored="4" name="Default test" tests="2" failures="0" timestamp="11 Jan 2020 12:17:03 GMT" time="29.956" errors="0">
  <testcase name="TestCase4" time="10.798" classname="test.AutomationFormTest"/>
  <testcase name="TestCase5" time="0.621" classname="test.AutomationFormTest"/>
  <testcase name="TestCase1" time="0.0" classname="test.AutomationFormTest">
    <ignored/>
  </testcase> <!-- TestCase1 -->
  <testcase name="TestCase2" time="0.0" classname="test.AutomationFormTest">
    <ignored/>
  </testcase> <!-- TestCase2 -->
  <testcase name="TestCase3" time="0.0" classname="test.AutomationFormTest">
    <ignored/>
  </testcase> <!-- TestCase3 -->
  <testcase name="TestCase6" time="0.0" classname="test.AutomationFormTest">
    <ignored/>
  </testcase> <!-- TestCase6 -->
</testsuite> <!-- Default test -->
