<?xml version="1.0" encoding="UTF-8"?>
<testng-results skipped="0" failed="0" ignored="4" total="6" passed="2">
  <reporter-output>
  </reporter-output>
  <suite name="Default suite" duration-ms="29956" started-at="2020-01-11T12:16:33Z" finished-at="2020-01-11T12:17:03Z">
    <groups>
    </groups>
    <test name="Default test" duration-ms="29956" started-at="2020-01-11T12:16:33Z" finished-at="2020-01-11T12:17:03Z">
      <class name="test.AutomationFormTest">
        <test-method status="PASS" signature="initialize()[pri:0, instance:test.AutomationFormTest@5f341870]" name="initialize" is-config="true" duration-ms="16766" started-at="2020-01-11T12:16:33Z" finished-at="2020-01-11T12:16:50Z">
          <reporter-output>
          </reporter-output>
        </test-method> <!-- initialize -->
        <test-method status="PASS" signature="TestCase4(java.util.Map)[pri:3, instance:test.AutomationFormTest@5f341870]" name="TestCase4" duration-ms="10798" started-at="2020-01-11T12:16:51Z" description="Submit the form after filling all details properly by using XPath only. " data-provider="getData" finished-at="2020-01-11T12:17:02Z">
          <params>
            <param index="0">
              <value>
                <![CDATA[{wrongMobile3=78945, fname=Himanshu, wrongPortfolio=url, address=Wagholi, Pune, wrongMobile1=wrongMobile, wrongMobile2=123456789, mobile=8447064950, salary=636000, curCompany=Cognizant Technology Solution, lname=Bansal, whenStart=20-Jan-20, relocate=yes, portfolio=https://www.linkedin.com/in/hbansal32/, dob=05/20/1991, position=Senior Quality Engineer, wrongEmail1=abc, wrongEmail2=abc@, email=him.20may@gmail.com}]]>
              </value>
            </param>
          </params>
          <reporter-output>
          </reporter-output>
        </test-method> <!-- TestCase4 -->
        <test-method status="PASS" signature="TestCase5()[pri:4, instance:test.AutomationFormTest@5f341870]" name="TestCase5" duration-ms="621" started-at="2020-01-11T12:17:02Z" description="Verify DB entry after submitting the form using JDBC connection." depends-on-methods="test.AutomationFormTest.TestCase4" finished-at="2020-01-11T12:17:02Z">
          <reporter-output>
          </reporter-output>
        </test-method> <!-- TestCase5 -->
        <test-method status="PASS" signature="tearDown()[pri:0, instance:test.AutomationFormTest@5f341870]" name="tearDown" is-config="true" duration-ms="958" started-at="2020-01-11T12:17:02Z" finished-at="2020-01-11T12:17:03Z">
          <reporter-output>
          </reporter-output>
        </test-method> <!-- tearDown -->
        <test-method status="PASS" signature="generateReport()[pri:0, instance:test.AutomationFormTest@5f341870]" name="generateReport" is-config="true" duration-ms="10765" started-at="2020-01-11T12:17:03Z" finished-at="2020-01-11T12:17:14Z">
          <reporter-output>
          </reporter-output>
        </test-method> <!-- generateReport -->
      </class> <!-- test.AutomationFormTest -->
    </test> <!-- Default test -->
  </suite> <!-- Default suite -->
</testng-results>
